  Hangman.cpp
d:\visualstudio\hangman\hangman\hangman.cpp(19): warning C4244: 'initializing': conversion from 'time_t' to 'unsigned int', possible loss of data
d:\visualstudio\hangman\hangman\hangman.cpp(19): warning C4244: 'initializing': conversion from 'time_t' to 'const unsigned int', possible loss of data
d:\visualstudio\hangman\hangman\hangman.cpp(274): warning C4018: '<': signed/unsigned mismatch
d:\visualstudio\hangman\hangman\hangman.cpp(283): warning C4018: '<': signed/unsigned mismatch
d:\visualstudio\hangman\hangman\hangman.cpp(287): warning C4018: '<': signed/unsigned mismatch
d:\visualstudio\hangman\hangman\hangman.cpp(294): warning C4018: '<': signed/unsigned mismatch
d:\visualstudio\hangman\hangman\hangman.cpp(296): warning C4018: '<': signed/unsigned mismatch
d:\visualstudio\hangman\hangman\hangman.cpp(298): warning C4018: '<': signed/unsigned mismatch
d:\visualstudio\hangman\hangman\hangman.cpp(325): warning C4018: '<': signed/unsigned mismatch
d:\visualstudio\hangman\hangman\hangman.cpp(326): warning C4018: '>': signed/unsigned mismatch
d:\visualstudio\hangman\hangman\hangman.cpp(346): warning C4018: '<': signed/unsigned mismatch
d:\visualstudio\hangman\hangman\hangman.cpp(425): warning C4018: '<': signed/unsigned mismatch
d:\visualstudio\hangman\hangman\hangman.cpp(488): warning C4018: '<': signed/unsigned mismatch
d:\visualstudio\hangman\hangman\hangman.cpp(519): warning C4018: '<': signed/unsigned mismatch
d:\visualstudio\hangman\hangman\hangman.cpp(523): warning C4018: '<': signed/unsigned mismatch
d:\visualstudio\hangman\hangman\hangman.cpp(532): warning C4018: '>': signed/unsigned mismatch
d:\visualstudio\hangman\hangman\hangman.cpp(536): warning C4018: '<': signed/unsigned mismatch
d:\visualstudio\hangman\hangman\hangman.cpp(246): warning C4018: '<': signed/unsigned mismatch
  d:\visualstudio\hangman\hangman\hangman.cpp(243): note: while compiling class template member function 'void NeuralNetwork<Activation::Logistic>::save(const char []) const'
  d:\visualstudio\hangman\hangman\hangman.cpp(372): note: see reference to function template instantiation 'void NeuralNetwork<Activation::Logistic>::save(const char []) const' being compiled
  d:\visualstudio\hangman\hangman\hangman.cpp(270): note: see reference to class template instantiation 'NeuralNetwork<Activation::Logistic>' being compiled
d:\visualstudio\hangman\hangman\hangman.cpp(251): warning C4018: '<': signed/unsigned mismatch
d:\visualstudio\hangman\hangman\hangman.cpp(253): warning C4018: '<': signed/unsigned mismatch
d:\visualstudio\hangman\hangman\hangman.cpp(255): warning C4018: '<': signed/unsigned mismatch
d:\visualstudio\hangman\hangman\hangman.cpp(187): warning C4018: '<': signed/unsigned mismatch
  d:\visualstudio\hangman\hangman\hangman.cpp(184): note: while compiling class template member function 'std::vector<double,std::allocator<_Ty>> NeuralNetwork<Activation::Logistic>::think(const std::vector<_Ty,std::allocator<_Ty>> &)'
          with
          [
              _Ty=double
          ]
  d:\visualstudio\hangman\hangman\hangman.cpp(432): note: see reference to function template instantiation 'std::vector<double,std::allocator<_Ty>> NeuralNetwork<Activation::Logistic>::think(const std::vector<_Ty,std::allocator<_Ty>> &)' being compiled
          with
          [
              _Ty=double
          ]
d:\visualstudio\hangman\hangman\hangman.cpp(191): warning C4018: '<': signed/unsigned mismatch
d:\visualstudio\hangman\hangman\hangman.cpp(194): warning C4018: '<': signed/unsigned mismatch
d:\visualstudio\hangman\hangman\hangman.cpp(197): warning C4018: '<': signed/unsigned mismatch
d:\visualstudio\hangman\hangman\hangman.cpp(170): warning C4018: '<': signed/unsigned mismatch
  d:\visualstudio\hangman\hangman\hangman.cpp(169): note: while compiling class template member function 'void NeuralNetwork<Activation::Logistic>::update(double)'
  d:\visualstudio\hangman\hangman\hangman.cpp(384): note: see reference to function template instantiation 'void NeuralNetwork<Activation::Logistic>::update(double)' being compiled
d:\visualstudio\hangman\hangman\hangman.cpp(172): warning C4018: '<': signed/unsigned mismatch
d:\visualstudio\hangman\hangman\hangman.cpp(174): warning C4018: '<': signed/unsigned mismatch
d:\visualstudio\hangman\hangman\hangman.cpp(154): warning C4018: '<': signed/unsigned mismatch
  d:\visualstudio\hangman\hangman\hangman.cpp(153): note: while compiling class template member function 'void NeuralNetwork<Activation::Logistic>::crossover(const NeuralNetwork<Activation::Logistic> &)'
  d:\visualstudio\hangman\hangman\hangman.cpp(376): note: see reference to function template instantiation 'void NeuralNetwork<Activation::Logistic>::crossover(const NeuralNetwork<Activation::Logistic> &)' being compiled
d:\visualstudio\hangman\hangman\hangman.cpp(137): warning C4018: '<': signed/unsigned mismatch
  d:\visualstudio\hangman\hangman\hangman.cpp(136): note: while compiling class template member function 'void NeuralNetwork<Activation::Logistic>::mutate(double,double)'
  d:\visualstudio\hangman\hangman\hangman.cpp(380): note: see reference to function template instantiation 'void NeuralNetwork<Activation::Logistic>::mutate(double,double)' being compiled
d:\visualstudio\hangman\hangman\hangman.cpp(139): warning C4018: '<': signed/unsigned mismatch
d:\visualstudio\hangman\hangman\hangman.cpp(141): warning C4018: '<': signed/unsigned mismatch
d:\visualstudio\hangman\hangman\hangman.cpp(123): warning C4018: '<': signed/unsigned mismatch
  d:\visualstudio\hangman\hangman\hangman.cpp(122): note: while compiling class template member function 'void NeuralNetwork<Activation::Logistic>::randomize(void)'
  d:\visualstudio\hangman\hangman\hangman.cpp(368): note: see reference to function template instantiation 'void NeuralNetwork<Activation::Logistic>::randomize(void)' being compiled
d:\visualstudio\hangman\hangman\hangman.cpp(125): warning C4018: '<': signed/unsigned mismatch
d:\visualstudio\hangman\hangman\hangman.cpp(127): warning C4018: '<': signed/unsigned mismatch
d:\visualstudio\hangman\hangman\hangman.cpp(99): warning C4018: '<': signed/unsigned mismatch
  d:\visualstudio\hangman\hangman\hangman.cpp(93): note: while compiling class template member function 'NeuralNetwork<Activation::Logistic>::NeuralNetwork(const char [])'
  d:\visualstudio\hangman\hangman\hangman.cpp(364): note: see reference to function template instantiation 'NeuralNetwork<Activation::Logistic>::NeuralNetwork(const char [])' being compiled
d:\visualstudio\hangman\hangman\hangman.cpp(103): warning C4018: '<': signed/unsigned mismatch
d:\visualstudio\hangman\hangman\hangman.cpp(109): warning C4018: '<': signed/unsigned mismatch
d:\visualstudio\hangman\hangman\hangman.cpp(111): warning C4018: '<': signed/unsigned mismatch
d:\visualstudio\hangman\hangman\hangman.cpp(113): warning C4018: '<': signed/unsigned mismatch
d:\visualstudio\hangman\hangman\hangman.cpp(86): warning C4018: '<': signed/unsigned mismatch
  d:\visualstudio\hangman\hangman\hangman.cpp(83): note: while compiling class template member function 'NeuralNetwork<Activation::Logistic>::NeuralNetwork(const std::vector<std::seed_seq::result_type,std::allocator<_Ty>> &)'
          with
          [
              _Ty=std::seed_seq::result_type
          ]
  d:\visualstudio\hangman\hangman\hangman.cpp(366): note: see reference to function template instantiation 'NeuralNetwork<Activation::Logistic>::NeuralNetwork(const std::vector<std::seed_seq::result_type,std::allocator<_Ty>> &)' being compiled
          with
          [
              _Ty=std::seed_seq::result_type
          ]
  Generating code
  0 of 803 functions ( 0.0%) were compiled, the rest were copied from previous compilation.
    0 functions were new in current compilation
    0 functions had inline decision re-evaluated but remain unchanged
  Finished generating code
  Hangman.vcxproj -> D:\VisualStudio\Hangman\Release\Hangman.exe
